Performing C SOURCE FILE Test CMAKE_HAVE_LIBC_PTHREAD failed with the following output:
Change Dir: /media/q/q/rgbd-slam-tutorial/one_stereo_map/cmake-build-debug/CMakeFiles/CMakeTmp

Run Build Command(s):/snap/clion/177/bin/ninja/linux/ninja cmTC_ea5f8 && [1/2] Building C object CMakeFiles/cmTC_ea5f8.dir/src.c.o
[2/2] Linking C executable cmTC_ea5f8
FAILED: cmTC_ea5f8 
: && /usr/bin/cc  -rdynamic CMakeFiles/cmTC_ea5f8.dir/src.c.o -o cmTC_ea5f8   && :
CMakeFiles/cmTC_ea5f8.dir/src.c.o: In function `main':
src.c:(.text+0x3c): undefined reference to `pthread_create'
src.c:(.text+0x48): undefined reference to `pthread_detach'
src.c:(.text+0x54): undefined reference to `pthread_cancel'
src.c:(.text+0x65): undefined reference to `pthread_join'
src.c:(.text+0x79): undefined reference to `pthread_atfork'
collect2: error: ld returned 1 exit status
ninja: build stopped: subcommand failed.


Source file was:
#include <pthread.h>

static void* test_func(void* data)
{
  return data;
}

int main(void)
{
  pthread_t thread;
  pthread_create(&thread, NULL, test_func, NULL);
  pthread_detach(thread);
  pthread_cancel(thread);
  pthread_join(thread, NULL);
  pthread_atfork(NULL, NULL, NULL);
  pthread_exit(NULL);

  return 0;
}

Determining if the function pthread_create exists in the pthreads failed with the following output:
Change Dir: /media/q/q/rgbd-slam-tutorial/one_stereo_map/cmake-build-debug/CMakeFiles/CMakeTmp

Run Build Command(s):/snap/clion/177/bin/ninja/linux/ninja cmTC_4a44f && [1/2] Building C object CMakeFiles/cmTC_4a44f.dir/CheckFunctionExists.c.o
[2/2] Linking C executable cmTC_4a44f
FAILED: cmTC_4a44f 
: && /usr/bin/cc -DCHECK_FUNCTION_EXISTS=pthread_create -rdynamic CMakeFiles/cmTC_4a44f.dir/CheckFunctionExists.c.o -o cmTC_4a44f  -lpthreads && :
/usr/bin/ld: cannot find -lpthreads
collect2: error: ld returned 1 exit status
ninja: build stopped: subcommand failed.



