Determining if the pthread_create exist failed with the following output:
Change Dir: /home/q/xiaoqiuslamshizhanjiaocheng/7_rgbd_slam/two_rgbd_3d2d_pnp_Rt_dep_map/build/CMakeFiles/CMakeTmp

Run Build Command:"/usr/bin/make" "cmTC_db067/fast"
/usr/bin/make -f CMakeFiles/cmTC_db067.dir/build.make CMakeFiles/cmTC_db067.dir/build
make[1]: Entering directory '/home/q/xiaoqiuslamshizhanjiaocheng/7_rgbd_slam/two_rgbd_3d2d_pnp_Rt_dep_map/build/CMakeFiles/CMakeTmp'
Building C object CMakeFiles/cmTC_db067.dir/CheckSymbolExists.c.o
/usr/bin/cc     -o CMakeFiles/cmTC_db067.dir/CheckSymbolExists.c.o   -c /home/q/xiaoqiuslamshizhanjiaocheng/7_rgbd_slam/two_rgbd_3d2d_pnp_Rt_dep_map/build/CMakeFiles/CMakeTmp/CheckSymbolExists.c
Linking C executable cmTC_db067
/usr/bin/cmake -E cmake_link_script CMakeFiles/cmTC_db067.dir/link.txt --verbose=1
/usr/bin/cc       CMakeFiles/cmTC_db067.dir/CheckSymbolExists.c.o  -o cmTC_db067 -rdynamic 
CMakeFiles/cmTC_db067.dir/CheckSymbolExists.c.o: In function `main':
CheckSymbolExists.c:(.text+0x16): undefined reference to `pthread_create'
collect2: error: ld returned 1 exit status
CMakeFiles/cmTC_db067.dir/build.make:97: recipe for target 'cmTC_db067' failed
make[1]: *** [cmTC_db067] Error 1
make[1]: Leaving directory '/home/q/xiaoqiuslamshizhanjiaocheng/7_rgbd_slam/two_rgbd_3d2d_pnp_Rt_dep_map/build/CMakeFiles/CMakeTmp'
Makefile:126: recipe for target 'cmTC_db067/fast' failed
make: *** [cmTC_db067/fast] Error 2

File /home/q/xiaoqiuslamshizhanjiaocheng/7_rgbd_slam/two_rgbd_3d2d_pnp_Rt_dep_map/build/CMakeFiles/CMakeTmp/CheckSymbolExists.c:
/* */
#include <pthread.h>

int main(int argc, char** argv)
{
  (void)argv;
#ifndef pthread_create
  return ((int*)(&pthread_create))[argc];
#else
  (void)argc;
  return 0;
#endif
}

Determining if the function pthread_create exists in the pthreads failed with the following output:
Change Dir: /home/q/xiaoqiuslamshizhanjiaocheng/7_rgbd_slam/two_rgbd_3d2d_pnp_Rt_dep_map/build/CMakeFiles/CMakeTmp

Run Build Command:"/usr/bin/make" "cmTC_69c75/fast"
/usr/bin/make -f CMakeFiles/cmTC_69c75.dir/build.make CMakeFiles/cmTC_69c75.dir/build
make[1]: Entering directory '/home/q/xiaoqiuslamshizhanjiaocheng/7_rgbd_slam/two_rgbd_3d2d_pnp_Rt_dep_map/build/CMakeFiles/CMakeTmp'
Building C object CMakeFiles/cmTC_69c75.dir/CheckFunctionExists.c.o
/usr/bin/cc    -DCHECK_FUNCTION_EXISTS=pthread_create   -o CMakeFiles/cmTC_69c75.dir/CheckFunctionExists.c.o   -c /usr/share/cmake-3.5/Modules/CheckFunctionExists.c
Linking C executable cmTC_69c75
/usr/bin/cmake -E cmake_link_script CMakeFiles/cmTC_69c75.dir/link.txt --verbose=1
/usr/bin/cc   -DCHECK_FUNCTION_EXISTS=pthread_create    CMakeFiles/cmTC_69c75.dir/CheckFunctionExists.c.o  -o cmTC_69c75 -rdynamic -lpthreads 
/usr/bin/ld: cannot find -lpthreads
collect2: error: ld returned 1 exit status
CMakeFiles/cmTC_69c75.dir/build.make:97: recipe for target 'cmTC_69c75' failed
make[1]: *** [cmTC_69c75] Error 1
make[1]: Leaving directory '/home/q/xiaoqiuslamshizhanjiaocheng/7_rgbd_slam/two_rgbd_3d2d_pnp_Rt_dep_map/build/CMakeFiles/CMakeTmp'
Makefile:126: recipe for target 'cmTC_69c75/fast' failed
make: *** [cmTC_69c75/fast] Error 2


