Determining if the pthread_create exist failed with the following output:
Change Dir: /media/q/q/xiaoqiuslamshizhanjiaocheng/7_rgbd_slam/five_4txt_rgbd_map/build/CMakeFiles/CMakeTmp

Run Build Command:"/usr/bin/make" "cmTC_2bfa3/fast"
/usr/bin/make -f CMakeFiles/cmTC_2bfa3.dir/build.make CMakeFiles/cmTC_2bfa3.dir/build
make[1]: Entering directory '/media/q/q/xiaoqiuslamshizhanjiaocheng/7_rgbd_slam/five_4txt_rgbd_map/build/CMakeFiles/CMakeTmp'
Building C object CMakeFiles/cmTC_2bfa3.dir/CheckSymbolExists.c.o
/usr/bin/cc     -o CMakeFiles/cmTC_2bfa3.dir/CheckSymbolExists.c.o   -c /media/q/q/xiaoqiuslamshizhanjiaocheng/7_rgbd_slam/five_4txt_rgbd_map/build/CMakeFiles/CMakeTmp/CheckSymbolExists.c
Linking C executable cmTC_2bfa3
/usr/bin/cmake -E cmake_link_script CMakeFiles/cmTC_2bfa3.dir/link.txt --verbose=1
/usr/bin/cc       CMakeFiles/cmTC_2bfa3.dir/CheckSymbolExists.c.o  -o cmTC_2bfa3 -rdynamic 
CMakeFiles/cmTC_2bfa3.dir/CheckSymbolExists.c.o: In function `main':
CheckSymbolExists.c:(.text+0x16): undefined reference to `pthread_create'
collect2: error: ld returned 1 exit status
CMakeFiles/cmTC_2bfa3.dir/build.make:97: recipe for target 'cmTC_2bfa3' failed
make[1]: *** [cmTC_2bfa3] Error 1
make[1]: Leaving directory '/media/q/q/xiaoqiuslamshizhanjiaocheng/7_rgbd_slam/five_4txt_rgbd_map/build/CMakeFiles/CMakeTmp'
Makefile:126: recipe for target 'cmTC_2bfa3/fast' failed
make: *** [cmTC_2bfa3/fast] Error 2

File /media/q/q/xiaoqiuslamshizhanjiaocheng/7_rgbd_slam/five_4txt_rgbd_map/build/CMakeFiles/CMakeTmp/CheckSymbolExists.c:
/* */
#include <pthread.h>

int main(int argc, char** argv)
{
  (void)argv;
#ifndef pthread_create
  return ((int*)(&pthread_create))[argc];
#else
  (void)argc;
  return 0;
#endif
}

Determining if the function pthread_create exists in the pthreads failed with the following output:
Change Dir: /media/q/q/xiaoqiuslamshizhanjiaocheng/7_rgbd_slam/five_4txt_rgbd_map/build/CMakeFiles/CMakeTmp

Run Build Command:"/usr/bin/make" "cmTC_1f77a/fast"
/usr/bin/make -f CMakeFiles/cmTC_1f77a.dir/build.make CMakeFiles/cmTC_1f77a.dir/build
make[1]: Entering directory '/media/q/q/xiaoqiuslamshizhanjiaocheng/7_rgbd_slam/five_4txt_rgbd_map/build/CMakeFiles/CMakeTmp'
Building C object CMakeFiles/cmTC_1f77a.dir/CheckFunctionExists.c.o
/usr/bin/cc    -DCHECK_FUNCTION_EXISTS=pthread_create   -o CMakeFiles/cmTC_1f77a.dir/CheckFunctionExists.c.o   -c /usr/share/cmake-3.5/Modules/CheckFunctionExists.c
Linking C executable cmTC_1f77a
/usr/bin/cmake -E cmake_link_script CMakeFiles/cmTC_1f77a.dir/link.txt --verbose=1
/usr/bin/cc   -DCHECK_FUNCTION_EXISTS=pthread_create    CMakeFiles/cmTC_1f77a.dir/CheckFunctionExists.c.o  -o cmTC_1f77a -rdynamic -lpthreads 
/usr/bin/ld: cannot find -lpthreads
collect2: error: ld returned 1 exit status
CMakeFiles/cmTC_1f77a.dir/build.make:97: recipe for target 'cmTC_1f77a' failed
make[1]: *** [cmTC_1f77a] Error 1
make[1]: Leaving directory '/media/q/q/xiaoqiuslamshizhanjiaocheng/7_rgbd_slam/five_4txt_rgbd_map/build/CMakeFiles/CMakeTmp'
Makefile:126: recipe for target 'cmTC_1f77a/fast' failed
make: *** [cmTC_1f77a/fast] Error 2


