Determining if the pthread_create exist failed with the following output:
Change Dir: /media/q/Q/vo/rgbd-slam-tutorial/part IV/build/CMakeFiles/CMakeTmp

Run Build Command:"/usr/bin/make" "cmTC_25bf2/fast"
/usr/bin/make -f CMakeFiles/cmTC_25bf2.dir/build.make CMakeFiles/cmTC_25bf2.dir/build
make[1]: Entering directory '/media/q/Q/vo/rgbd-slam-tutorial/part IV/build/CMakeFiles/CMakeTmp'
Building C object CMakeFiles/cmTC_25bf2.dir/CheckSymbolExists.c.o
/usr/bin/cc     -o CMakeFiles/cmTC_25bf2.dir/CheckSymbolExists.c.o   -c "/media/q/Q/vo/rgbd-slam-tutorial/part IV/build/CMakeFiles/CMakeTmp/CheckSymbolExists.c"
Linking C executable cmTC_25bf2
/usr/bin/cmake -E cmake_link_script CMakeFiles/cmTC_25bf2.dir/link.txt --verbose=1
/usr/bin/cc       CMakeFiles/cmTC_25bf2.dir/CheckSymbolExists.c.o  -o cmTC_25bf2 -rdynamic 
CMakeFiles/cmTC_25bf2.dir/CheckSymbolExists.c.o: In function `main':
CheckSymbolExists.c:(.text+0x16): undefined reference to `pthread_create'
collect2: error: ld returned 1 exit status
CMakeFiles/cmTC_25bf2.dir/build.make:97: recipe for target 'cmTC_25bf2' failed
make[1]: *** [cmTC_25bf2] Error 1
make[1]: Leaving directory '/media/q/Q/vo/rgbd-slam-tutorial/part IV/build/CMakeFiles/CMakeTmp'
Makefile:126: recipe for target 'cmTC_25bf2/fast' failed
make: *** [cmTC_25bf2/fast] Error 2

File /media/q/Q/vo/rgbd-slam-tutorial/part IV/build/CMakeFiles/CMakeTmp/CheckSymbolExists.c:
/* */
#include <pthread.h>

int main(int argc, char** argv)
{
  (void)argv;
#ifndef pthread_create
  return ((int*)(&pthread_create))[argc];
#else
  (void)argc;
  return 0;
#endif
}

Determining if the function pthread_create exists in the pthreads failed with the following output:
Change Dir: /media/q/Q/vo/rgbd-slam-tutorial/part IV/build/CMakeFiles/CMakeTmp

Run Build Command:"/usr/bin/make" "cmTC_7ea51/fast"
/usr/bin/make -f CMakeFiles/cmTC_7ea51.dir/build.make CMakeFiles/cmTC_7ea51.dir/build
make[1]: Entering directory '/media/q/Q/vo/rgbd-slam-tutorial/part IV/build/CMakeFiles/CMakeTmp'
Building C object CMakeFiles/cmTC_7ea51.dir/CheckFunctionExists.c.o
/usr/bin/cc    -DCHECK_FUNCTION_EXISTS=pthread_create   -o CMakeFiles/cmTC_7ea51.dir/CheckFunctionExists.c.o   -c /usr/share/cmake-3.5/Modules/CheckFunctionExists.c
Linking C executable cmTC_7ea51
/usr/bin/cmake -E cmake_link_script CMakeFiles/cmTC_7ea51.dir/link.txt --verbose=1
/usr/bin/cc   -DCHECK_FUNCTION_EXISTS=pthread_create    CMakeFiles/cmTC_7ea51.dir/CheckFunctionExists.c.o  -o cmTC_7ea51 -rdynamic -lpthreads 
/usr/bin/ld: cannot find -lpthreads
collect2: error: ld returned 1 exit status
CMakeFiles/cmTC_7ea51.dir/build.make:97: recipe for target 'cmTC_7ea51' failed
make[1]: *** [cmTC_7ea51] Error 1
make[1]: Leaving directory '/media/q/Q/vo/rgbd-slam-tutorial/part IV/build/CMakeFiles/CMakeTmp'
Makefile:126: recipe for target 'cmTC_7ea51/fast' failed
make: *** [cmTC_7ea51/fast] Error 2


